Build started 06-05-2014 23:18:00.
     1>Project "C:\Users\NunoStockwell\Documents\GitHub\DungeonC\DungeonCreatorVS\DungeonCreatorVS\DungeonCreatorVS.vcxproj" on node 2 (build target(s)).
     1>InitializeBuildStatus:
         Creating "Debug\DungeonCreatorVS.unsuccessfulbuild" because "AlwaysCreate" was specified.
       ClCompile:
         All outputs are up-to-date.
         c:\Program Files (x86)\Microsoft Visual Studio 10.0\VC\bin\CL.exe /c /I..\..\DungeonC\include /I..\..\DungeonC\src /ZI /nologo /W3 /WX- /Od /Oy- /D WIN32 /D _DEBUG /D _CONSOLE /D _UNICODE /D UNICODE /Gm /EHsc /RTC1 /MDd /GS /fp:precise /Zc:wchar_t /Zc:forScope /Fo"Debug\\" /Fd"Debug\vc100.pdb" /Gd /TP /analyze- /errorReport:prompt ..\..\DungeonC\src\DC.cpp
         DC.cpp
       Link:
         c:\Program Files (x86)\Microsoft Visual Studio 10.0\VC\bin\link.exe /ERRORREPORT:PROMPT /OUT:"C:\Users\NunoStockwell\Documents\GitHub\DungeonC\DungeonCreatorVS\Debug\DungeonCreatorVS.exe" /INCREMENTAL:NO /NOLOGO kernel32.lib user32.lib gdi32.lib winspool.lib comdlg32.lib advapi32.lib shell32.lib ole32.lib oleaut32.lib uuid.lib odbc32.lib odbccp32.lib /MANIFEST /ManifestFile:"Debug\DungeonCreatorVS.exe.intermediate.manifest" /MANIFESTUAC:"level='asInvoker' uiAccess='false'" /DEBUG /PDB:"C:\Users\NunoStockwell\Documents\GitHub\DungeonC\DungeonCreatorVS\Debug\DungeonCreatorVS.pdb" /SUBSYSTEM:CONSOLE /TLBID:1 /DYNAMICBASE /NXCOMPAT /IMPLIB:"C:\Users\NunoStockwell\Documents\GitHub\DungeonC\DungeonCreatorVS\Debug\DungeonCreatorVS.lib" /MACHINE:X86 Debug\DC.obj
         Debug\DungeonTile.obj
         Debug\Grid.obj
         Debug\Room.obj
         Debug\RoomManager.obj
         Debug\DungeonCreatorVS.obj
         Debug\stdafx.obj
     1>DC.obj : warning LNK4075: ignoring '/EDITANDCONTINUE' due to '/INCREMENTAL:NO' specification
         DungeonCreatorVS.vcxproj -> C:\Users\NunoStockwell\Documents\GitHub\DungeonC\DungeonCreatorVS\Debug\DungeonCreatorVS.exe
       Manifest:
         C:\Program Files (x86)\Microsoft SDKs\Windows\v7.0A\bin\mt.exe /nologo /verbose /outputresource:"C:\Users\NunoStockwell\Documents\GitHub\DungeonC\DungeonCreatorVS\Debug\DungeonCreatorVS.exe;#1" /manifest Debug\DungeonCreatorVS.exe.intermediate.manifest
       FinalizeBuildStatus:
         Deleting file "Debug\DungeonCreatorVS.unsuccessfulbuild".
         Touching "Debug\DungeonCreatorVS.lastbuildstate".
     1>Done Building Project "C:\Users\NunoStockwell\Documents\GitHub\DungeonC\DungeonCreatorVS\DungeonCreatorVS\DungeonCreatorVS.vcxproj" (build target(s)).

Build succeeded.

Time Elapsed 00:00:01.01
